2025-03-22 10:21:50 - INFO - Connection established
2025-03-22 10:22:00 - INFO - Connection established
2025-03-22 10:24:48 - INFO - Connection established
2025-03-22 10:26:50 - INFO - Connection established
2025-03-22 10:54:38 - INFO - Connection established
2025-03-22 10:54:49 - INFO - Connection established
2025-03-22 11:04:52 - INFO - Connection established
2025-03-24 08:41:51 - INFO - Connection established
2025-03-24 08:42:06 - INFO - Connection established
2025-03-24 08:42:06 - ERROR - Status code 500. Detail = Dstrno existe la relación «departments»
LINE 1: INSERT INTO departments (id, department) VALUES (1, 'HR') ON...
                    ^

2025-03-24 08:48:35 - INFO - Connection established
2025-03-24 08:53:23 - INFO - Connection established
2025-03-24 08:55:45 - INFO - Connection established
2025-03-24 08:55:45 - INFO - Connection established
2025-03-24 08:55:45 - ERROR - Error loading CSV to deparments: [Errno 2] No such file or directory: '/home/camilo/Documentos/Globant_Challenge/data/deparmets.csv'
2025-03-24 08:55:45 - INFO - Data from /home/camilo/Documentos/Globant_Challenge/data/deparmets.csv loaded into deparments
2025-03-24 08:55:56 - INFO - Connection established
2025-03-24 08:55:58 - INFO - Connection established
2025-03-24 08:55:58 - ERROR - Error loading CSV to deparments: [Errno 2] No such file or directory: '/home/camilo/Documentos/Globant_Challenge/data/deparmets.csv'
2025-03-24 08:55:58 - INFO - Data from /home/camilo/Documentos/Globant_Challenge/data/deparmets.csv loaded into deparments
2025-03-24 08:56:27 - INFO - Connection established
2025-03-24 08:56:27 - INFO - Connection established
2025-03-24 08:56:27 - ERROR - Error loading CSV to deparments: [Errno 2] No such file or directory: '/home/camilo/Documentos/Globant_Challenge/data/deparments.csv'
2025-03-24 08:56:27 - INFO - Data from /home/camilo/Documentos/Globant_Challenge/data/deparments.csv loaded into deparments
2025-03-24 08:56:34 - INFO - Connection established
2025-03-24 08:56:35 - INFO - Connection established
2025-03-24 08:56:35 - ERROR - Error loading CSV to deparments: [Errno 2] No such file or directory: '/home/camilo/Documentos/Globant_Challenge/data/deparments.csv'
2025-03-24 08:56:35 - INFO - Data from /home/camilo/Documentos/Globant_Challenge/data/deparments.csv loaded into deparments
2025-03-24 09:01:04 - INFO - Connection established
2025-03-24 09:01:04 - INFO - Connection established
2025-03-24 09:01:04 - ERROR - Error loading CSV to deparments: 'psycopg2.extensions.connection' object has no attribute 'execute'
2025-03-24 09:01:04 - INFO - Data from /home/camilo/Documentos/Globant_Challenge/data/departments.csv loaded into deparments
2025-03-24 09:01:14 - INFO - Connection established
2025-03-24 09:01:14 - INFO - Connection established
2025-03-24 09:01:14 - ERROR - Error loading CSV to departments: 'psycopg2.extensions.connection' object has no attribute 'execute'
2025-03-24 09:01:14 - INFO - Data from /home/camilo/Documentos/Globant_Challenge/data/departments.csv loaded into departments
2025-03-24 09:01:18 - INFO - Connection established
2025-03-24 09:01:23 - INFO - Connection established
2025-03-24 09:03:34 - INFO - Connection established
2025-03-24 09:03:34 - INFO - Connection established
2025-03-24 09:03:34 - INFO - Data from /home/camilo/Documentos/Globant_Challenge/data/departments.csv loaded into departments
2025-03-24 09:03:37 - INFO - Connection established
2025-03-24 09:03:44 - INFO - Connection established
2025-03-24 09:03:55 - INFO - Data from /home/camilo/Documentos/Globant_Challenge/data/departments.csv loaded into departments
2025-03-24 09:27:20 - INFO - Connection established
2025-03-24 09:27:23 - INFO - Connection established
2025-03-24 09:28:39 - INFO - Connection established
2025-03-24 09:28:39 - INFO - Connection established
2025-03-24 09:28:39 - ERROR - Error loading CSV to departments: no existe la relación «departments»
LINE 1: INSERT INTO departments VALUES (2, 'Sales')
                    ^

2025-03-24 09:28:39 - INFO - Connection closed
2025-03-24 09:28:42 - INFO - Connection established
2025-03-24 09:28:45 - INFO - Connection established
2025-03-24 09:28:55 - ERROR - Error loading CSV to departments: no existe la relación «departments»
LINE 1: INSERT INTO departments VALUES (2, 'Sales')
                    ^

2025-03-24 09:30:50 - INFO - Connection established
2025-03-24 09:30:50 - INFO - Connection established
2025-03-24 09:30:50 - ERROR - Error loading CSV to departments: no existe la relación «departments»
LINE 1: INSERT INTO departments VALUES (2, 'Sales')
                    ^

2025-03-24 09:30:50 - INFO - Connection closed
2025-03-24 09:30:53 - INFO - Connection established
2025-03-24 09:30:55 - INFO - Connection established
2025-03-24 09:32:12 - INFO - Connection established
2025-03-24 09:32:12 - INFO - Connection established
2025-03-24 09:32:12 - ERROR - Error loading CSV to departments: no existe la relación «departments»
LINE 1: INSERT INTO departments VALUES (2, 'Sales')
                    ^

2025-03-24 09:32:12 - INFO - Connection closed
2025-03-24 09:32:15 - INFO - Connection established
2025-03-24 09:32:23 - INFO - Connection established
2025-03-24 09:32:48 - ERROR - Error loading CSV to departments: no existe la relación «departments»
LINE 1: INSERT INTO departments VALUES (2, 'Sales')
                    ^

2025-03-24 09:39:25 - INFO - Connection established
2025-03-24 09:39:25 - INFO - Connection established
2025-03-24 09:39:25 - ERROR - Error loading CSV to departments: no existe la relación «public.departments»
LINE 1: INSERT INTO public.departments VALUES (2, 'Sales')
                    ^

2025-03-24 09:39:25 - INFO - Connection closed
2025-03-24 09:39:29 - INFO - Connection established
2025-03-24 09:39:31 - INFO - Connection established
2025-03-24 09:39:37 - ERROR - Error loading CSV to departments: no existe la relación «public.departments»
LINE 1: INSERT INTO public.departments VALUES (2, 'Sales')
                    ^

2025-03-24 09:41:44 - INFO - Connection established
2025-03-24 09:41:44 - INFO - Connection established
2025-03-24 09:41:44 - ERROR - Error loading CSV to departments: no existe la relación «public.departments»
LINE 1: INSERT INTO public.departments VALUES (2, 'Sales')
                    ^

2025-03-24 09:41:44 - INFO - Connection closed
2025-03-24 09:41:48 - INFO - Connection established
2025-03-24 09:41:50 - INFO - Connection established
2025-03-24 09:42:03 - ERROR - Error loading CSV to departments: no existe la relación «public.departments»
LINE 1: INSERT INTO public.departments VALUES (2, 'Sales')
                    ^

2025-03-24 09:42:03 - INFO - Connection closed
2025-03-24 09:43:37 - INFO - Connection established
2025-03-24 09:43:37 - INFO - Connection established
2025-03-24 09:43:37 - ERROR - Error loading CSV to departments: no existe la relación «public.departments»
LINE 1: INSERT INTO public.departments VALUES (2, 'Sales')
                    ^

2025-03-24 09:43:37 - INFO - Connection closed
2025-03-24 09:43:41 - INFO - Connection established
2025-03-24 09:43:46 - INFO - Connection established
2025-03-24 09:45:03 - INFO - Connection established
2025-03-24 09:46:12 - INFO - Connection established
2025-03-24 09:46:12 - INFO - Connection established
2025-03-24 09:46:12 - ERROR - Error loading CSV to departments: no existe la relación «public.departments»
LINE 1: INSERT INTO public.departments VALUES (2, 'Sales')
                    ^

2025-03-24 09:46:12 - INFO - Connection closed
2025-03-24 09:46:16 - INFO - Connection established
2025-03-24 09:48:27 - INFO - Connection established
2025-03-24 09:48:27 - INFO - Connection established
2025-03-24 09:48:27 - ERROR - Error loading CSV to departments: no existe la relación «challenge.departments»
LINE 1: INSERT INTO challenge.departments VALUES (2, 'Sales')
                    ^

2025-03-24 09:48:27 - INFO - Connection closed
2025-03-24 09:48:36 - INFO - Connection established
2025-03-24 09:48:39 - INFO - Connection established
2025-03-24 09:48:55 - ERROR - Error loading CSV to departments: no existe la relación «challenge.departments»
LINE 1: INSERT INTO challenge.departments VALUES (2, 'Sales')
                    ^

2025-03-24 09:50:16 - INFO - Connection established
2025-03-24 09:50:20 - INFO - Connection established
2025-03-24 09:51:08 - INFO - Connection closed
2025-03-24 09:51:11 - INFO - Connection established
2025-03-24 09:51:11 - ERROR - Error loading CSV to hired_employess: [Errno 2] No such file or directory: '/home/camilo/Documentos/Globant_Challenge/data/hired_employess.csv'
2025-03-24 09:51:11 - INFO - Connection closed
2025-03-24 09:54:20 - INFO - Connection established
2025-03-24 09:54:20 - INFO - Connection established
2025-03-24 09:54:20 - INFO - Data inserted on departments
2025-03-24 09:54:20 - INFO - Connection closed
2025-03-24 09:54:20 - INFO - Connection established
2025-03-24 09:54:20 - ERROR - Error loading CSV to hired_employees: el entero está fuera de rango

2025-03-24 09:54:20 - INFO - Connection closed
2025-03-24 10:00:07 - INFO - Connection established
2025-03-24 10:00:07 - INFO - Data inserted on departments
2025-03-24 10:00:07 - INFO - Connection closed
2025-03-24 10:00:14 - INFO - Connection established
2025-03-24 10:00:14 - ERROR - Error loading CSV to hired_employees: el entero está fuera de rango

2025-03-24 10:00:14 - INFO - Connection closed
2025-03-24 10:02:56 - INFO - Connection established
2025-03-24 10:02:56 - INFO - Connection established
2025-03-24 10:02:56 - INFO - Data inserted on departments
2025-03-24 10:02:56 - INFO - Connection closed
2025-03-24 10:02:56 - INFO - Connection established
2025-03-24 10:02:56 - ERROR - Error loading CSV to hired_employees: el entero está fuera de rango

2025-03-24 10:02:56 - INFO - Connection closed
2025-03-24 10:03:00 - INFO - Connection established
2025-03-24 10:03:00 - INFO - Connection established
2025-03-24 10:03:08 - INFO - Data inserted on departments
2025-03-24 10:03:08 - INFO - Connection closed
2025-03-24 10:03:11 - INFO - Connection established
2025-03-24 10:04:50 - ERROR - Error loading CSV to hired_employees: el entero está fuera de rango

2025-03-24 10:04:50 - INFO - Connection closed
2025-03-24 10:06:55 - INFO - Connection established
2025-03-24 10:06:55 - INFO - Connection established
2025-03-24 10:06:55 - INFO - Data inserted on departments
2025-03-24 10:06:55 - INFO - Connection closed
2025-03-24 10:06:55 - INFO - Connection established
2025-03-24 10:06:55 - INFO - Data inserted on jobs
2025-03-24 10:06:55 - INFO - Connection closed
2025-03-24 10:06:58 - INFO - Connection established
2025-03-24 10:06:58 - INFO - Connection established
2025-03-24 10:07:06 - INFO - Data inserted on departments
2025-03-24 10:07:06 - INFO - Connection closed
2025-03-24 10:07:13 - INFO - Connection established
2025-03-24 10:08:20 - INFO - Connection established
2025-03-24 10:08:20 - INFO - Connection established
2025-03-24 10:08:20 - ERROR - Error loading CSV to hired_employees: el entero está fuera de rango

2025-03-24 10:12:21 - INFO - Connection closed
2025-03-25 16:50:51 - INFO - Connection established
2025-03-25 16:50:51 - INFO - Connection established
2025-03-25 16:50:51 - INFO - Data inserted on departments
2025-03-25 16:50:51 - INFO - Connection closed
2025-03-25 16:50:54 - INFO - Connection established
2025-03-25 16:50:54 - ERROR - Error loading CSV to hired_employees: la sintaxis de entrada no es válida para integer: «None»
LINE 1: ...LUES (67, 'Thia Morican', '2021-03-10T19:27:10Z', 'None', 10...
                                                             ^

2025-03-25 16:50:54 - INFO - Connection closed
2025-03-25 16:52:48 - INFO - Connection established
2025-03-25 16:52:48 - INFO - Connection established
2025-03-25 16:52:48 - INFO - Data inserted on departments
2025-03-25 16:52:48 - INFO - Connection closed
2025-03-25 16:52:52 - INFO - Connection established
2025-03-25 16:52:53 - ERROR - Error loading CSV to hired_employees: el entero está fuera de rango

2025-03-25 16:52:53 - INFO - Connection closed
2025-03-25 21:18:50 - INFO - Connection established
2025-03-25 21:18:50 - INFO - Connection established
2025-03-25 21:18:50 - INFO - Data inserted on departments
2025-03-25 21:18:50 - INFO - Connection closed
2025-03-25 21:18:53 - INFO - Connection established
2025-03-25 21:19:19 - ERROR - Error loading CSV to hired_employees: el entero está fuera de rango
. This is line-error: INSERT INTO challenge.hired_employees VALUES (%s, %s, %s, %s, %s)
2025-03-25 21:21:23 - INFO - Connection established
2025-03-25 21:21:23 - INFO - Connection established
2025-03-25 21:21:24 - INFO - Data inserted on departments
2025-03-25 21:21:24 - INFO - Connection closed
2025-03-25 21:21:25 - INFO - Connection established
2025-03-25 21:23:07 - INFO - Connection established
2025-03-25 21:23:07 - INFO - Connection established
2025-03-25 21:27:14 - INFO - Connection established
2025-03-25 21:27:16 - INFO - Connection established
2025-03-25 21:27:16 - INFO - Data inserted on departments
2025-03-25 21:27:16 - INFO - Connection closed
2025-03-25 21:27:24 - INFO - Connection established
2025-03-25 21:27:37 - INFO - Connection closed
2025-03-25 21:30:48 - INFO - Connection established
2025-03-25 21:30:48 - INFO - Connection established
2025-03-25 21:30:49 - INFO - Data inserted on departments
2025-03-25 21:30:49 - INFO - Connection closed
2025-03-25 21:30:50 - INFO - Connection established
2025-03-25 21:30:52 - INFO - Data inserted on hired_employees
2025-03-25 21:30:52 - INFO - Connection closed
2025-03-25 21:30:53 - INFO - Connection established
2025-03-25 21:30:53 - INFO - Data inserted on jobs
2025-03-25 21:30:53 - INFO - Connection closed
2025-03-25 21:53:12 - INFO - Connection established
2025-03-25 21:53:13 - INFO - Connection established
2025-03-25 21:53:13 - INFO - Data inserted on departments
2025-03-25 21:53:13 - INFO - Connection closed
2025-03-25 21:53:14 - INFO - Connection established
2025-03-25 21:53:15 - INFO - Data inserted on hired_employees
2025-03-25 21:53:15 - INFO - Connection closed
2025-03-25 21:53:16 - INFO - Connection established
2025-03-25 21:53:16 - INFO - Data inserted on jobs
2025-03-25 21:53:16 - INFO - Connection closed
2025-03-25 21:57:28 - INFO - Connection established
2025-03-25 21:57:28 - INFO - Connection established
2025-03-25 21:57:28 - INFO - Data inserted on departments
2025-03-25 21:57:28 - INFO - Connection closed
2025-03-25 21:57:28 - INFO - Connection established
2025-03-25 21:57:29 - INFO - Data inserted on hired_employees
2025-03-25 21:57:29 - INFO - Connection closed
2025-03-25 21:57:29 - INFO - Connection established
2025-03-25 21:57:29 - INFO - Data inserted on jobs
2025-03-25 21:57:29 - INFO - Connection closed
2025-03-25 21:58:36 - INFO - Connection established
2025-03-25 21:58:36 - INFO - Connection established
2025-03-25 21:58:36 - INFO - Data inserted on departments
2025-03-25 21:58:36 - INFO - Connection closed
2025-03-25 21:58:36 - INFO - Connection established
2025-03-25 21:58:36 - INFO - Data inserted on hired_employees
2025-03-25 21:58:36 - INFO - Connection closed
2025-03-25 21:58:37 - INFO - Connection established
2025-03-25 21:58:37 - INFO - Data inserted on jobs
2025-03-25 21:58:37 - INFO - Connection closed
2025-03-25 21:58:51 - INFO - Connection established
2025-03-25 21:58:51 - INFO - Connection established
2025-03-25 21:58:51 - INFO - Data inserted on departments
2025-03-25 21:58:51 - INFO - Connection closed
2025-03-25 21:58:51 - INFO - Connection established
2025-03-25 21:58:52 - INFO - Data inserted on hired_employees
2025-03-25 21:58:52 - INFO - Connection closed
2025-03-25 21:58:52 - INFO - Connection established
2025-03-25 21:58:52 - INFO - Data inserted on jobs
2025-03-25 21:58:52 - INFO - Connection closed
2025-03-25 22:00:33 - INFO - Connection established
2025-03-25 22:00:33 - INFO - Connection established
2025-03-25 22:00:33 - INFO - Data inserted on departments
2025-03-25 22:00:33 - INFO - Connection closed
2025-03-25 22:00:33 - INFO - Connection established
2025-03-25 22:00:34 - INFO - Data inserted on hired_employees
2025-03-25 22:00:34 - INFO - Connection closed
2025-03-25 22:00:34 - INFO - Connection established
2025-03-25 22:00:34 - INFO - Data inserted on jobs
2025-03-25 22:00:34 - INFO - Connection closed
2025-03-25 22:04:17 - INFO - Connection established
2025-03-25 22:04:17 - INFO - Connection established
2025-03-25 22:04:17 - INFO - Data inserted on departments
2025-03-25 22:04:17 - INFO - Connection closed
2025-03-25 22:04:17 - INFO - Connection established
2025-03-25 22:04:18 - INFO - Data inserted on hired_employees
2025-03-25 22:04:18 - INFO - Connection closed
2025-03-25 22:04:18 - INFO - Connection established
2025-03-25 22:04:18 - INFO - Data inserted on jobs
2025-03-25 22:04:18 - INFO - Connection closed
2025-03-25 22:04:32 - INFO - Connection established
2025-03-25 22:04:32 - INFO - Connection established
2025-03-25 22:04:32 - INFO - Data inserted on departments
2025-03-25 22:04:32 - INFO - Connection closed
2025-03-25 22:04:32 - INFO - Connection established
2025-03-25 22:04:33 - INFO - Data inserted on hired_employees
2025-03-25 22:04:33 - INFO - Connection closed
2025-03-25 22:04:33 - INFO - Connection established
2025-03-25 22:04:33 - INFO - Data inserted on jobs
2025-03-25 22:04:33 - INFO - Connection closed
2025-03-25 22:05:59 - INFO - Connection established
2025-03-25 22:05:59 - INFO - Connection established
2025-03-25 22:05:59 - INFO - Data inserted on departments
2025-03-25 22:05:59 - INFO - Connection closed
2025-03-25 22:05:59 - INFO - Connection established
2025-03-25 22:06:00 - INFO - Data inserted on hired_employees
2025-03-25 22:06:00 - INFO - Connection closed
2025-03-25 22:06:00 - INFO - Connection established
2025-03-25 22:06:00 - INFO - Data inserted on jobs
2025-03-25 22:06:00 - INFO - Connection closed
2025-03-25 22:06:28 - INFO - Connection established
2025-03-25 22:06:28 - INFO - Connection established
2025-03-25 22:06:28 - INFO - Data inserted on departments
2025-03-25 22:06:28 - INFO - Connection closed
2025-03-25 22:06:28 - INFO - Connection established
2025-03-25 22:06:29 - INFO - Data inserted on hired_employees
2025-03-25 22:06:29 - INFO - Connection closed
2025-03-25 22:06:29 - INFO - Connection established
2025-03-25 22:06:29 - INFO - Data inserted on jobs
2025-03-25 22:06:29 - INFO - Connection closed
2025-03-25 22:06:51 - INFO - Connection established
2025-03-25 22:06:51 - INFO - Connection established
2025-03-25 22:06:51 - INFO - Data inserted on departments
2025-03-25 22:06:51 - INFO - Connection closed
2025-03-25 22:06:51 - INFO - Connection established
2025-03-25 22:06:52 - INFO - Data inserted on hired_employees
2025-03-25 22:06:52 - INFO - Connection closed
2025-03-25 22:06:52 - INFO - Connection established
2025-03-25 22:06:52 - INFO - Data inserted on jobs
2025-03-25 22:06:52 - INFO - Connection closed
2025-03-25 22:07:30 - INFO - Connection established
2025-03-25 22:07:30 - INFO - Connection established
2025-03-25 22:07:30 - INFO - Data inserted on departments
2025-03-25 22:07:30 - INFO - Connection closed
2025-03-25 22:07:30 - INFO - Connection established
2025-03-25 22:07:31 - INFO - Data inserted on hired_employees
2025-03-25 22:07:31 - INFO - Connection closed
2025-03-25 22:07:31 - INFO - Connection established
2025-03-25 22:07:31 - INFO - Data inserted on jobs
2025-03-25 22:07:31 - INFO - Connection closed
2025-03-25 22:07:52 - INFO - Connection established
2025-03-25 22:07:52 - INFO - Connection established
2025-03-25 22:07:52 - INFO - Data inserted on departments
2025-03-25 22:07:52 - INFO - Connection closed
2025-03-25 22:07:52 - INFO - Connection established
2025-03-25 22:07:53 - INFO - Data inserted on hired_employees
2025-03-25 22:07:53 - INFO - Connection closed
2025-03-25 22:07:53 - INFO - Connection established
2025-03-25 22:07:53 - INFO - Data inserted on jobs
2025-03-25 22:07:53 - INFO - Connection closed
2025-03-25 22:07:59 - INFO - Connection established
2025-03-25 22:07:59 - INFO - Connection established
2025-03-25 22:07:59 - INFO - Data inserted on departments
2025-03-25 22:07:59 - INFO - Connection closed
2025-03-25 22:07:59 - INFO - Connection established
2025-03-25 22:08:00 - INFO - Data inserted on hired_employees
2025-03-25 22:08:00 - INFO - Connection closed
2025-03-25 22:08:00 - INFO - Connection established
2025-03-25 22:08:00 - INFO - Data inserted on jobs
2025-03-25 22:08:00 - INFO - Connection closed
2025-03-25 22:11:03 - INFO - Connection established
2025-03-25 22:11:03 - INFO - Connection established
2025-03-25 22:11:03 - INFO - Data inserted on departments
2025-03-25 22:11:03 - INFO - Connection closed
2025-03-25 22:11:03 - INFO - Connection established
2025-03-25 22:11:04 - INFO - Data inserted on hired_employees
2025-03-25 22:11:04 - INFO - Connection closed
2025-03-25 22:11:04 - INFO - Connection established
2025-03-25 22:11:04 - INFO - Data inserted on jobs
2025-03-25 22:11:04 - INFO - Connection closed
2025-03-25 22:12:35 - INFO - Connection established
2025-03-25 22:12:35 - INFO - Connection established
2025-03-25 22:12:35 - INFO - Data inserted on departments
2025-03-25 22:12:35 - INFO - Connection closed
2025-03-25 22:12:35 - INFO - Connection established
2025-03-25 22:12:35 - INFO - Data inserted on hired_employees
2025-03-25 22:12:35 - INFO - Connection closed
2025-03-25 22:12:35 - INFO - Connection established
2025-03-25 22:12:35 - INFO - Data inserted on jobs
2025-03-25 22:12:35 - INFO - Connection closed
2025-03-25 22:15:18 - INFO - Connection established
2025-03-25 22:15:18 - INFO - Connection established
2025-03-25 22:15:18 - INFO - Data inserted on departments
2025-03-25 22:15:18 - INFO - Connection closed
2025-03-25 22:15:18 - INFO - Connection established
2025-03-25 22:15:19 - INFO - Data inserted on hired_employees
2025-03-25 22:15:19 - INFO - Connection closed
2025-03-25 22:15:19 - INFO - Connection established
2025-03-25 22:15:19 - INFO - Data inserted on jobs
2025-03-25 22:15:19 - INFO - Connection closed
2025-03-25 22:16:13 - INFO - Connection established
2025-03-25 22:16:13 - INFO - Connection established
2025-03-25 22:16:13 - INFO - Data inserted on departments
2025-03-25 22:16:13 - INFO - Connection closed
2025-03-25 22:16:13 - INFO - Connection established
2025-03-25 22:16:14 - INFO - Data inserted on hired_employees
2025-03-25 22:16:14 - INFO - Connection closed
2025-03-25 22:16:14 - INFO - Connection established
2025-03-25 22:16:14 - INFO - Data inserted on jobs
2025-03-25 22:16:14 - INFO - Connection closed
2025-03-25 22:17:26 - ERROR - Each batch must contain between 1 and 1000 records.
2025-03-25 22:17:26 - ERROR - Each batch must contain between 1 and 1000 records.
2025-03-25 22:17:26 - ERROR - Each batch must contain between 1 and 1000 records.
2025-03-25 22:18:06 - INFO - Connection established
2025-03-25 22:18:06 - ERROR - Status code 500. Detail = Dstrno hay restricción única o de exclusión que coincida con la especificación ON CONFLICT

2025-03-25 22:19:08 - INFO - Connection established
2025-03-25 22:19:08 - INFO - Connection established
2025-03-25 22:19:08 - INFO - Data inserted on departments
2025-03-25 22:19:08 - INFO - Connection closed
2025-03-25 22:19:08 - INFO - Connection established
2025-03-25 22:19:09 - INFO - Data inserted on hired_employees
2025-03-25 22:19:09 - INFO - Connection closed
2025-03-25 22:19:09 - INFO - Connection established
2025-03-25 22:19:09 - INFO - Data inserted on jobs
2025-03-25 22:19:09 - INFO - Connection closed
2025-03-25 22:19:16 - INFO - Connection established
2025-03-25 22:19:16 - ERROR - Status code 500. Detail = Dstrno hay restricción única o de exclusión que coincida con la especificación ON CONFLICT

2025-03-25 22:24:42 - INFO - Connection established
2025-03-25 22:24:42 - INFO - Connection established
2025-03-25 22:24:42 - INFO - Data inserted on departments
2025-03-25 22:24:42 - INFO - Connection closed
2025-03-25 22:24:42 - INFO - Connection established
2025-03-25 22:24:43 - INFO - Data inserted on hired_employees
2025-03-25 22:24:43 - INFO - Connection closed
2025-03-25 22:24:43 - INFO - Connection established
2025-03-25 22:24:43 - INFO - Data inserted on jobs
2025-03-25 22:24:43 - INFO - Connection closed
2025-03-25 22:24:57 - INFO - Processing insert_data request
2025-03-25 22:24:57 - INFO - Connection established
2025-03-25 22:24:57 - ERROR - Database error: no hay restricción única o de exclusión que coincida con la especificación ON CONFLICT

2025-03-25 22:24:57 - INFO - Database connection closed
2025-03-25 22:26:55 - INFO - Processing insert_data request
2025-03-25 22:26:55 - INFO - Connection established
2025-03-25 22:26:55 - ERROR - Database error: no hay restricción única o de exclusión que coincida con la especificación ON CONFLICT

2025-03-25 22:26:55 - INFO - Database connection closed
2025-03-25 22:28:57 - INFO - Processing insert_data request
2025-03-25 22:28:57 - INFO - Connection established
2025-03-25 22:28:57 - INFO - Inserted 1 departments
2025-03-25 22:28:57 - ERROR - Database error: no existe la columna «job» en la relación «jobs»
LINE 1: INSERT INTO challenge.jobs (id, job) VALUES (10000, 'CEO') O...
                                        ^

2025-03-25 22:28:57 - INFO - Database connection closed
2025-03-25 22:30:20 - INFO - Processing insert_data request
2025-03-25 22:30:20 - INFO - Connection established
2025-03-25 22:30:20 - INFO - Inserted 1 departments
2025-03-25 22:30:20 - ERROR - Database error: no existe la columna «job» en la relación «jobs»
LINE 1: INSERT INTO challenge.jobs (id, job) VALUES (1, 'CEO') ON CO...
                                        ^

2025-03-25 22:30:20 - INFO - Database connection closed
2025-03-25 22:32:28 - INFO - Processing insert_data request
2025-03-25 22:32:28 - INFO - Connection established
2025-03-25 22:32:28 - INFO - Inserted 1 departments
2025-03-25 22:32:28 - ERROR - Database error: no existe la columna «job» en la relación «jobs»
LINE 1: INSERT INTO challenge.jobs (id, job) VALUES (1, 'CEO') ON CO...
                                        ^

2025-03-25 22:32:28 - INFO - Database connection closed
2025-03-25 22:33:19 - INFO - Connection established
2025-03-25 22:33:20 - INFO - Connection established
2025-03-25 22:33:20 - INFO - Data inserted on departments
2025-03-25 22:33:20 - INFO - Connection closed
2025-03-25 22:33:31 - INFO - Connection established
2025-03-25 22:33:31 - INFO - Connection established
2025-03-25 22:33:31 - INFO - Data inserted on jobs
2025-03-25 22:33:31 - INFO - Connection closed
2025-03-25 22:35:49 - INFO - Connection established
2025-03-25 22:35:49 - INFO - Connection established
2025-03-25 22:35:49 - ERROR - Error loading CSV to jobs: llave duplicada viola restricción de unicidad «jobs_pkey»
DETAIL:  Ya existe la llave (id)=(2).
.
2025-03-25 22:35:49 - INFO - Connection closed
2025-03-25 22:42:32 - INFO - Connection established
2025-03-25 22:42:32 - INFO - Connection established
2025-03-25 22:42:32 - ERROR - Error loading CSV to jobs: llave duplicada viola restricción de unicidad «jobs_pkey»
DETAIL:  Ya existe la llave (id)=(2).
.
2025-03-25 22:42:32 - INFO - Connection closed
2025-03-25 22:44:43 - INFO - Processing insert_data request
2025-03-25 22:44:43 - INFO - Connection established
2025-03-25 22:44:43 - INFO - Inserted 0 departments
2025-03-25 22:44:43 - INFO - Inserted 0 jobs
2025-03-25 22:44:43 - INFO - Inserted 1 employees
2025-03-25 22:44:43 - INFO - Database connection closed
2025-03-25 22:49:40 - INFO - Processing insert_data request
2025-03-25 22:49:40 - INFO - Connection established
2025-03-25 22:49:40 - INFO - Inserted 0 departments
2025-03-25 22:49:40 - INFO - Inserted 0 jobs
2025-03-25 22:49:40 - ERROR - Database error: el valor null para la columna «id» viola la restricción not null
DETAIL:  La fila que falla contiene (null, Camilo Corredor, 2023-05-10 09:30:00-05, 2, 2).

2025-03-25 22:49:40 - INFO - Database connection closed
2025-03-25 22:51:51 - INFO - Processing insert_data request
2025-03-25 22:51:51 - INFO - Connection established
2025-03-25 22:51:51 - INFO - Inserted 0 departments
2025-03-25 22:51:51 - INFO - Inserted 0 jobs
2025-03-25 22:51:51 - INFO - Inserted 1 employees
2025-03-25 22:51:51 - INFO - Database connection closed
2025-03-25 22:52:24 - INFO - Processing insert_data request
2025-03-25 22:52:24 - INFO - Connection established
2025-03-25 22:52:24 - INFO - Inserted 0 departments
2025-03-25 22:52:24 - INFO - Inserted 0 jobs
2025-03-25 22:52:24 - INFO - Inserted 1 employees
2025-03-25 22:52:24 - INFO - Database connection closed
2025-03-25 22:53:43 - INFO - Processing insert_data request
2025-03-25 22:53:43 - INFO - Connection established
2025-03-25 22:53:43 - INFO - Inserted 0 departments
2025-03-25 22:53:43 - INFO - Inserted 0 jobs
2025-03-25 22:53:43 - INFO - Inserted 1 employees
2025-03-25 22:53:43 - INFO - Database connection closed
2025-03-25 22:55:26 - INFO - Processing insert_data request
2025-03-25 22:55:26 - INFO - Connection established
2025-03-25 22:55:26 - INFO - Inserted 0 departments
2025-03-25 22:55:26 - INFO - Inserted 0 jobs
2025-03-25 22:55:26 - ERROR - Database error: llave duplicada viola restricción de unicidad «hired_employees_pkey»
DETAIL:  Ya existe la llave (id)=(2).

2025-03-25 22:55:26 - INFO - Database connection closed
2025-03-25 22:58:17 - INFO - Processing insert_data request
2025-03-25 22:58:17 - INFO - Connection established
2025-03-25 22:58:17 - INFO - Inserted 0 departments
2025-03-25 22:58:17 - INFO - Inserted 0 jobs
2025-03-25 22:58:17 - ERROR - Database error: no existe la relación «challenge.hired_employees_id_seq»
LINE 1: SELECT nextval('challenge.hired_employees_id_seq');
                       ^


2025-03-25 23:26:39 - INFO - Processing insert_data request
2025-03-25 23:26:39 - INFO - Connection established
2025-03-25 23:26:39 - ERROR - IntegrityError inserting department 3: llave duplicada viola restricción de unicidad «departments_pkey»
DETAIL:  Ya existe la llave (id)=(3).

2025-03-25 23:26:39 - INFO - Inserted 0 departments
2025-03-25 23:26:39 - INFO - Inserted 0 jobs
2025-03-25 23:26:39 - INFO - Inserted 0 employees
2025-03-25 23:26:39 - INFO - Database connection closed
2025-03-25 23:28:16 - INFO - Processing insert_data request
2025-03-25 23:28:16 - INFO - Connection established
2025-03-25 23:28:16 - ERROR - IntegrityError inserting department 3: llave duplicada viola restricción de unicidad «departments_pkey»
DETAIL:  Ya existe la llave (id)=(3).
. Request: 3, Test1
2025-03-25 23:28:16 - INFO - Inserted 0 departments
2025-03-25 23:28:16 - INFO - Inserted 0 jobs
2025-03-25 23:28:16 - INFO - Inserted 0 employees
2025-03-25 23:28:16 - INFO - Database connection closed
2025-03-25 23:30:32 - INFO - Processing insert_data request
2025-03-25 23:30:32 - INFO - Connection established
2025-03-25 23:30:32 - ERROR - IntegrityError PK 3: llave duplicada viola restricción de unicidad «departments_pkey»
DETAIL:  Ya existe la llave (id)=(3).
. Request: ID=3, department=Test1
2025-03-25 23:30:32 - INFO - Inserted 0 departments
2025-03-25 23:30:32 - INFO - Inserted 0 jobs
2025-03-25 23:30:32 - INFO - Inserted 0 employees
2025-03-25 23:30:32 - INFO - Database connection closed
2025-03-25 23:32:10 - INFO - Processing insert_data request
2025-03-25 23:32:10 - INFO - Connection established
2025-03-25 23:32:10 - INFO - Inserted 1 departments
2025-03-25 23:32:10 - INFO - Inserted 0 jobs
2025-03-25 23:32:10 - INFO - Inserted 0 employees
2025-03-25 23:32:10 - INFO - Database connection closed
2025-03-25 23:33:47 - INFO - Processing insert_data request
2025-03-25 23:33:47 - INFO - Connection established
2025-03-25 23:33:47 - INFO - Inserted 1 departments
2025-03-25 23:33:47 - INFO - Inserted 0 jobs
2025-03-25 23:33:47 - INFO - Inserted 0 employees
2025-03-25 23:33:47 - INFO - Database connection closed
2025-03-25 23:53:07 - ERROR - Validation error: Department name cannot be empty
2025-03-25 23:56:30 - ERROR - Validation error: Job title cannot be empty
2025-03-25 23:56:30 - ERROR - Validation error: Job title cannot be empty
2025-03-26 00:04:45 - INFO - Processing insert_data request
2025-03-26 00:04:45 - INFO - Connection established
2025-03-26 00:04:45 - INFO - Inserted 1 departments
2025-03-26 00:04:45 - INFO - Inserted 0 jobs
2025-03-26 00:04:45 - INFO - Inserted 0 employees
2025-03-26 00:04:45 - INFO - Database connection closed
2025-03-26 00:04:59 - ERROR - Validation error: Job title cannot be empty
2025-03-26 00:06:08 - INFO - Processing insert_data request
2025-03-26 00:06:08 - INFO - Connection established
2025-03-26 00:06:08 - ERROR - DatabaseError inserting job job Software Engineer: no existe la columna «job» en la relación «jobs»
LINE 1: INSERT INTO challenge.jobs (id, job) VALUES (101, 'Software ...
                                        ^

2025-03-26 00:06:08 - INFO - Inserted 0 jobs
2025-03-26 00:06:08 - INFO - Inserted 0 employees
2025-03-26 00:06:08 - INFO - Database connection closed
2025-03-26 00:06:24 - INFO - Processing insert_data request
2025-03-26 00:06:24 - INFO - Connection established
2025-03-26 00:06:24 - INFO - Inserted 0 jobs
2025-03-26 00:06:24 - INFO - Inserted 1 employees
2025-03-26 00:06:24 - INFO - Database connection closed
2025-03-26 00:07:44 - INFO - Processing insert_data request
2025-03-26 00:07:44 - INFO - Connection established
2025-03-26 00:07:44 - ERROR - DatabaseError inserting job job Software Engineer: no existe la columna «job» en la relación «jobs»
LINE 1: INSERT INTO challenge.jobs (id, job) VALUES (101, 'Software ...
                                        ^

2025-03-26 00:07:44 - INFO - Inserted 0 jobs
2025-03-26 00:07:44 - INFO - Inserted 0 employees
2025-03-26 00:07:44 - INFO - Database connection closed
2025-03-26 00:08:54 - INFO - Processing insert_data request
2025-03-26 00:08:54 - INFO - Connection established
2025-03-26 00:08:54 - ERROR - IntegrityError PK 101: llave duplicada viola restricción de unicidad «jobs_pkey»
DETAIL:  Ya existe la llave (id)=(101).
. Request: ID=101, department=Software Engineer
2025-03-26 00:08:54 - INFO - Inserted 0 jobs
2025-03-26 00:08:54 - INFO - Inserted 0 employees
2025-03-26 00:08:54 - INFO - Database connection closed
2025-03-26 09:30:17 - INFO - Processing insert_data request
2025-03-26 09:30:17 - INFO - Connection established
2025-03-26 09:30:17 - ERROR - IntegrityError PK 101: llave duplicada viola restricción de unicidad «jobs_pkey»
DETAIL:  Ya existe la llave (id)=(101).
. Request: ID=101, department=Software Engineer
2025-03-26 09:30:17 - ERROR - IntegrityError PK 102: llave duplicada viola restricción de unicidad «jobs_pkey»
DETAIL:  Ya existe la llave (id)=(102).
. Request: ID=102, department=Data Scientist
2025-03-26 09:30:17 - INFO - Inserted 0 jobs
2025-03-26 09:30:17 - INFO - Inserted 0 employees
2025-03-26 09:30:17 - INFO - Database connection closed
2025-03-26 15:56:35 - INFO - Processing insert_data request
2025-03-26 15:56:35 - INFO - Connection established
2025-03-26 15:56:35 - INFO - Inserted 0 jobs
2025-03-26 15:56:35 - INFO - Inserted 1 employees
2025-03-26 15:56:35 - INFO - Database connection closed
2025-03-26 16:10:17 - INFO - Connection established
2025-03-26 16:10:56 - INFO - Backup de latabla departments guardado en /home/camilo/Documentos/Globant_Challenge/backups/departments.avro
2025-03-26 16:11:01 - INFO - Connection established
2025-03-26 16:11:01 - INFO - Backup de latabla jobs guardado en /home/camilo/Documentos/Globant_Challenge/backups/jobs.avro
2025-03-26 16:11:04 - INFO - Connection established
2025-03-26 16:11:04 - ERROR - Error durante backup de la tabla hired_employees: Timestamp('2023-05-10 09:30:00-0500', tz='UTC-05:00') (type <class 'pandas._libs.tslibs.timestamps.Timestamp'>) do not match ['null', 'string', 'int', 'float', 'double'] on field datetime
2025-03-26 16:16:24 - INFO - Connection established
2025-03-26 16:16:24 - ERROR - Error durante backup de la tabla departments: timestamp
2025-03-26 16:16:24 - INFO - Connection established
2025-03-26 16:16:24 - ERROR - Error durante backup de la tabla jobs: timestamp
2025-03-26 16:16:24 - INFO - Connection established
2025-03-26 16:16:24 - ERROR - Error durante backup de la tabla hired_employees: timestamp
2025-03-26 16:32:04 - INFO - Connection established
2025-03-26 16:32:11 - INFO - Error al restaurar la tabla 'departments': cannot read header - is it an avro file?
2025-03-26 16:32:44 - INFO - Connection established
2025-03-26 16:32:44 - INFO - Backup de latabla departments guardado en /home/camilo/Documentos/Globant_Challenge/backups/departments.avro
2025-03-26 16:32:47 - INFO - Connection established
2025-03-26 16:32:47 - INFO - Backup de latabla jobs guardado en /home/camilo/Documentos/Globant_Challenge/backups/jobs.avro
2025-03-26 16:32:50 - INFO - Connection established
2025-03-26 16:32:50 - ERROR - Error durante backup de la tabla hired_employees: Timestamp('2023-05-10 09:30:00-0500', tz='UTC-05:00') (type <class 'pandas._libs.tslibs.timestamps.Timestamp'>) do not match ['null', 'string', 'int', 'float', 'double'] on field datetime
2025-03-26 16:33:10 - INFO - Connection established
2025-03-26 16:33:26 - INFO - Error al restaurar la tabla 'departments': llave duplicada viola restricción de unicidad «departments_pkey»
DETAIL:  Ya existe la llave (id)=(2).

2025-03-26 16:35:28 - INFO - Connection established
2025-03-26 16:35:39 - INFO - Error al restaurar la tabla 'jobs': llave duplicada viola restricción de unicidad «jobs_pkey»
DETAIL:  Ya existe la llave (id)=(2).

2025-03-26 16:36:06 - INFO - Connection established
2025-03-26 16:36:06 - INFO - La tabla 'departments' ha sido restaurada exitosamente desde /home/camilo/Documentos/Globant_Challenge/backups/departments.avro.
2025-03-26 16:36:12 - INFO - Connection established
2025-03-26 16:36:12 - INFO - La tabla 'jobs' ha sido restaurada exitosamente desde /home/camilo/Documentos/Globant_Challenge/backups/jobs.avro.
2025-03-26 16:36:16 - INFO - Connection established
2025-03-26 16:36:16 - INFO - El archivo /home/camilo/Documentos/Globant_Challenge/backups/hired_employees.avro está vacío. No hay datos para restaurar.
2025-03-26 16:36:16 - INFO - Error al restaurar la tabla 'hired_employees': list index out of range
